<?xml version="1.0" encoding="UTF-8"?>
<!-- Generated by org.testng.reporters.JUnitReportReporter -->
<testsuite hostname="Jo-Sabet" failures="0" tests="1" name="workflows.ItemNotFound" time="14.540" errors="0" timestamp="2025-09-04T22:46:11 EEST" skipped="0">
  <testcase classname="workflows.ItemNotFound" name="testITemNoTfoundWithEuro" time="14.540"/>
</testsuite> <!-- workflows.ItemNotFound -->
