<?xml version="1.0" encoding="UTF-8"?>
<!-- Generated by org.testng.reporters.JUnitReportReporter -->
<testsuite hostname="Jo-Sabet" failures="0" tests="4" name="tests.WishlistTest" time="36.213" errors="0" timestamp="2025-09-04T20:47:35 EEST" skipped="0">
  <testcase classname="tests.WishlistTest" name="addToWishlist_HomePage" time="7.934"/>
  <testcase classname="tests.WishlistTest" name="removeItem" time="7.026"/>
  <testcase classname="tests.WishlistTest" name="addToWishlist_DesktopPage" time="13.638"/>
  <testcase classname="tests.WishlistTest" name="errorMSG" time="7.615"/>
</testsuite> <!-- tests.WishlistTest -->
