<?xml version="1.0" encoding="UTF-8"?>
<!-- Generated by org.testng.reporters.JUnitReportReporter -->
<testsuite hostname="Jo-Sabet" failures="0" tests="2" name="tests.HomePageTest" time="5.512" errors="0" timestamp="2025-09-04T11:03:55 EEST" skipped="0">
  <testcase classname="tests.HomePageTest" name="TC_HOME_01_LogoRedirectsToHome" time="1.603"/>
  <testcase classname="tests.HomePageTest" name="TC_HOME_02_votingisrestricted" time="3.909"/>
</testsuite> <!-- tests.HomePageTest -->
