<?xml version="1.0" encoding="UTF-8"?>
<!-- Generated by org.testng.reporters.JUnitReportReporter -->
<testsuite hostname="Jo-Sabet" failures="0" tests="3" name="tests.NewsPageTest" time="1.962" errors="0" timestamp="2025-09-04T11:03:55 EEST" skipped="0">
  <testcase classname="tests.NewsPageTest" name="TC_NEWS_01_VerifyClickingNewsTitleOpensDetails" time="0.494"/>
  <testcase classname="tests.NewsPageTest" name="TC_NEWS_02_VerifyClickingDetailsButtonOpensSameNewsPage" time="0.759"/>
  <testcase classname="tests.NewsPageTest" name="TC_NEWS_03_VerifyClickingViewArchiveOpensArchivePage" time="0.709"/>
</testsuite> <!-- tests.NewsPageTest -->
