<?xml version="1.0" encoding="UTF-8"?>
<!-- Generated by org.testng.reporters.JUnitReportReporter -->
<testsuite hostname="Jo-Sabet" failures="0" tests="8" name="tests.DropdownTest" time="4.204" errors="0" timestamp="2025-09-04T20:47:35 EEST" skipped="0">
  <testcase classname="tests.DropdownTest" name="TC_Dropdown_017_categoryElectronics" time="0.723"/>
  <testcase classname="tests.DropdownTest" name="TC_Dropdown_014_sortPriceHighToLow" time="0.378"/>
  <testcase classname="tests.DropdownTest" name="TC_Dropdown_012_sortPriceLowToHigh" time="0.372"/>
  <testcase classname="tests.DropdownTest" name="TC_Dropdown_013_display18" time="0.377"/>
  <testcase classname="tests.DropdownTest" name="TC_Dropdown_011_display9" time="0.550"/>
  <testcase classname="tests.DropdownTest" name="TC_Dropdown_015_sortCreatedOn" time="0.395"/>
  <testcase classname="tests.DropdownTest" name="TC_Dropdown_010_sortNameAtoZ" time="0.471"/>
  <testcase classname="tests.DropdownTest" name="TC_Dropdown_016_currencyEuro" time="0.938"/>
</testsuite> <!-- tests.DropdownTest -->
