<?xml version="1.0" encoding="UTF-8"?>
<!-- Generated by org.testng.reporters.JUnitReportReporter -->
<testsuite hostname="Jo-Sabet" failures="0" tests="12" name="tests.RegisterTest" time="15.027" errors="0" timestamp="2025-09-04T11:03:55 EEST" skipped="0">
  <testcase classname="tests.RegisterTest" name="testInvalidRegister" time="0.375"/>
  <testcase classname="tests.RegisterTest" name="testInvalidRegister" time="0.453"/>
  <testcase classname="tests.RegisterTest" name="testInvalidRegister" time="0.378"/>
  <testcase classname="tests.RegisterTest" name="testInvalidRegister" time="0.473"/>
  <testcase classname="tests.RegisterTest" name="usedEmail1" time="1.806"/>
  <testcase classname="tests.RegisterTest" name="testInvalidRegister" time="0.358"/>
  <testcase classname="tests.RegisterTest" name="openRegisterPage" time="0.509"/>
  <testcase classname="tests.RegisterTest" name="testValidRegisterWithOptionalFieldsMale" time="1.022"/>
  <testcase classname="tests.RegisterTest" name="testInvalidRegister" time="0.400"/>
  <testcase classname="tests.RegisterTest" name="testValidRegisterWithOptionalFieldsFelamle" time="4.315"/>
  <testcase classname="tests.RegisterTest" name="usedEmail2" time="3.104"/>
  <testcase classname="tests.RegisterTest" name="testValidRegister" time="1.834"/>
</testsuite> <!-- tests.RegisterTest -->
