<?xml version="1.0" encoding="UTF-8"?>
<!-- Generated by org.testng.reporters.JUnitReportReporter -->
<testsuite hostname="Jo-Sabet" failures="0" tests="3" name="tests.FooterPageTest" time="3.657" errors="0" timestamp="2025-09-04T11:03:55 EEST" skipped="0">
  <testcase classname="tests.FooterPageTest" name="TC_FOOTER_01_VerifyFooterLinksClickable" time="0.432"/>
  <testcase classname="tests.FooterPageTest" name="TC_FOOTER_02_VerifySocialIconsClickable" time="0.055"/>
  <testcase classname="tests.FooterPageTest" name="TC_FOOTER_03_VerifyNewsletterSubscription" time="3.170"/>
</testsuite> <!-- tests.FooterPageTest -->
