<?xml version="1.0" encoding="UTF-8"?>
<!-- Generated by org.testng.reporters.JUnitReportReporter -->
<testsuite hostname="Jo-Sabet" failures="0" tests="1" name="workflows.checkoutWithoutSearch" time="25.180" errors="0" timestamp="2025-09-04T22:46:11 EEST" skipped="0">
  <testcase classname="workflows.checkoutWithoutSearch" name="testRegisterAddToCartAndCheckout" time="25.180"/>
</testsuite> <!-- workflows.checkoutWithoutSearch -->
