<?xml version="1.0" encoding="UTF-8"?>
<!-- Generated by org.testng.reporters.JUnitReportReporter -->
<testsuite hostname="Jo-Sabet" failures="0" tests="4" name="tests.WishlistTest" time="36.296" errors="0" timestamp="2025-09-04T11:03:55 EEST" skipped="0">
  <testcase classname="tests.WishlistTest" name="addToWishlist_HomePage" time="7.983"/>
  <testcase classname="tests.WishlistTest" name="removeItem" time="7.245"/>
  <testcase classname="tests.WishlistTest" name="addToWishlist_DesktopPage" time="13.516"/>
  <testcase classname="tests.WishlistTest" name="errorMSG" time="7.552"/>
</testsuite> <!-- tests.WishlistTest -->
