<?xml version="1.0" encoding="UTF-8"?>
<!-- Generated by org.testng.reporters.JUnitReportReporter -->
<testsuite hostname="Jo-Sabet" failures="0" tests="12" name="tests.LoginTest" time="29.216" errors="0" timestamp="2025-09-04T20:47:35 EEST" skipped="0">
  <testcase classname="tests.LoginTest" name="logout" time="2.653"/>
  <testcase classname="tests.LoginTest" name="openLoginPage" time="0.512"/>
  <testcase classname="tests.LoginTest" name="validLogin" time="2.705"/>
  <testcase classname="tests.LoginTest" name="testRememberMeButton" time="4.412"/>
  <testcase classname="tests.LoginTest" name="inValidLogin" time="2.208"/>
  <testcase classname="tests.LoginTest" name="clickEyeIcon" time="2.068"/>
  <testcase classname="tests.LoginTest" name="inValidLogin" time="2.207"/>
  <testcase classname="tests.LoginTest" name="sendUnregisterdEmail" time="2.392"/>
  <testcase classname="tests.LoginTest" name="clickRegister" time="2.734"/>
  <testcase classname="tests.LoginTest" name="testForgotPasswordButton" time="2.706"/>
  <testcase classname="tests.LoginTest" name="inValidLogin" time="2.589"/>
  <testcase classname="tests.LoginTest" name="accessToMyAccount" time="2.030"/>
</testsuite> <!-- tests.LoginTest -->
