<?xml version="1.0" encoding="UTF-8"?>
<!-- Generated by org.testng.reporters.JUnitReportReporter -->
<testsuite hostname="Jo-Sabet" failures="0" tests="8" name="tests.DropdownTest" time="7.634" errors="0" timestamp="2025-09-04T11:03:55 EEST" skipped="0">
  <testcase classname="tests.DropdownTest" name="TC_Dropdown_017_categoryElectronics" time="0.711"/>
  <testcase classname="tests.DropdownTest" name="TC_Dropdown_014_sortPriceHighToLow" time="0.378"/>
  <testcase classname="tests.DropdownTest" name="TC_Dropdown_012_sortPriceLowToHigh" time="0.398"/>
  <testcase classname="tests.DropdownTest" name="TC_Dropdown_013_display18" time="0.385"/>
  <testcase classname="tests.DropdownTest" name="TC_Dropdown_011_display9" time="3.554"/>
  <testcase classname="tests.DropdownTest" name="TC_Dropdown_015_sortCreatedOn" time="0.396"/>
  <testcase classname="tests.DropdownTest" name="TC_Dropdown_010_sortNameAtoZ" time="0.881"/>
  <testcase classname="tests.DropdownTest" name="TC_Dropdown_016_currencyEuro" time="0.931"/>
</testsuite> <!-- tests.DropdownTest -->
