<?xml version="1.0" encoding="UTF-8"?>
<!-- Generated by org.testng.reporters.JUnitReportReporter -->
<testsuite hostname="Jo-Sabet" failures="0" tests="7" name="tests.ShoppingCartPageTest" time="76.451" errors="0" timestamp="2025-09-04T11:03:55 EEST" skipped="0">
  <testcase classname="tests.ShoppingCartPageTest" name="addToShCart_HomePage" time="4.033"/>
  <testcase classname="tests.ShoppingCartPageTest" name="addToShCart_DesktopPage" time="7.701"/>
  <testcase classname="tests.ShoppingCartPageTest" name="addToShCart_WishListPage" time="14.218"/>
  <testcase classname="tests.ShoppingCartPageTest" name="openItemPage" time="7.502"/>
  <testcase classname="tests.ShoppingCartPageTest" name="increseOrDecreaseItem" time="6.068"/>
  <testcase classname="tests.ShoppingCartPageTest" name="checkoutAsGuest" time="14.423"/>
  <testcase classname="tests.ShoppingCartPageTest" name="checkoutAsUser" time="22.506"/>
</testsuite> <!-- tests.ShoppingCartPageTest -->
