<?xml version="1.0" encoding="UTF-8"?>
<!-- Generated by org.testng.reporters.JUnitReportReporter -->
<testsuite hostname="Jo-Sabet" failures="0" tests="12" name="tests.RegisterTest" time="15.283" errors="0" timestamp="2025-09-04T20:47:35 EEST" skipped="0">
  <testcase classname="tests.RegisterTest" name="testInvalidRegister" time="0.380"/>
  <testcase classname="tests.RegisterTest" name="testInvalidRegister" time="0.489"/>
  <testcase classname="tests.RegisterTest" name="testInvalidRegister" time="0.364"/>
  <testcase classname="tests.RegisterTest" name="testInvalidRegister" time="0.430"/>
  <testcase classname="tests.RegisterTest" name="usedEmail1" time="2.327"/>
  <testcase classname="tests.RegisterTest" name="testInvalidRegister" time="0.395"/>
  <testcase classname="tests.RegisterTest" name="openRegisterPage" time="0.538"/>
  <testcase classname="tests.RegisterTest" name="testValidRegisterWithOptionalFieldsMale" time="1.297"/>
  <testcase classname="tests.RegisterTest" name="testInvalidRegister" time="0.369"/>
  <testcase classname="tests.RegisterTest" name="testValidRegisterWithOptionalFieldsFelamle" time="4.116"/>
  <testcase classname="tests.RegisterTest" name="usedEmail2" time="2.651"/>
  <testcase classname="tests.RegisterTest" name="testValidRegister" time="1.927"/>
</testsuite> <!-- tests.RegisterTest -->
