<?xml version="1.0" encoding="UTF-8"?>
<!-- Generated by org.testng.reporters.JUnitReportReporter -->
<testsuite hostname="Jo-Sabet" failures="0" tests="12" name="tests.LoginTest" time="29.612" errors="0" timestamp="2025-09-04T11:03:55 EEST" skipped="0">
  <testcase classname="tests.LoginTest" name="logout" time="2.633"/>
  <testcase classname="tests.LoginTest" name="openLoginPage" time="0.728"/>
  <testcase classname="tests.LoginTest" name="validLogin" time="2.807"/>
  <testcase classname="tests.LoginTest" name="testRememberMeButton" time="4.488"/>
  <testcase classname="tests.LoginTest" name="inValidLogin" time="2.154"/>
  <testcase classname="tests.LoginTest" name="clickEyeIcon" time="2.094"/>
  <testcase classname="tests.LoginTest" name="inValidLogin" time="2.204"/>
  <testcase classname="tests.LoginTest" name="sendUnregisterdEmail" time="2.410"/>
  <testcase classname="tests.LoginTest" name="clickRegister" time="2.731"/>
  <testcase classname="tests.LoginTest" name="testForgotPasswordButton" time="2.792"/>
  <testcase classname="tests.LoginTest" name="inValidLogin" time="2.532"/>
  <testcase classname="tests.LoginTest" name="accessToMyAccount" time="2.039"/>
</testsuite> <!-- tests.LoginTest -->
