<?xml version="1.0" encoding="UTF-8"?>
<!-- Generated by org.testng.reporters.JUnitReportReporter -->
<testsuite hostname="Jo-Sabet" failures="0" tests="2" name="tests.ComputersDesktopsPageTest" time="1.075" errors="0" timestamp="2025-09-04T11:03:55 EEST" skipped="0">
  <testcase classname="tests.ComputersDesktopsPageTest" name="DESK_01_NavigateToDesktops" time="1.026"/>
  <testcase classname="tests.ComputersDesktopsPageTest" name="DESK_02_ListIconSwitchesLayoutToListView" time="0.049"/>
</testsuite> <!-- tests.ComputersDesktopsPageTest -->
