<?xml version="1.0" encoding="UTF-8"?>
<!-- Generated by org.testng.reporters.JUnitReportReporter -->
<testsuite hostname="Jo-Sabet" failures="0" tests="8" name="tests.SearchTest" time="33.064" errors="0" timestamp="2025-09-02T12:46:29 EEST" skipped="0">
  <testcase classname="tests.SearchTest" name="testAutocompleteSuggestions" time="6.236"/>
  <testcase classname="tests.SearchTest" name="testSearch" time="3.831"/>
  <testcase classname="tests.SearchTest" name="testSearch" time="4.132"/>
  <testcase classname="tests.SearchTest" name="testSearch" time="3.917"/>
  <testcase classname="tests.SearchTest" name="testSearch" time="4.631"/>
  <testcase classname="tests.SearchTest" name="testSearchBoxVisible" time="3.259"/>
  <testcase classname="tests.SearchTest" name="testSearch" time="4.200"/>
  <testcase classname="tests.SearchTest" name="testPlaceholderText" time="2.858"/>
</testsuite> <!-- tests.SearchTest -->
