<?xml version="1.0" encoding="UTF-8"?>
<!-- Generated by org.testng.reporters.JUnitReportReporter -->
<testsuite hostname="Jo-Sabet" failures="0" tests="3" name="tests.FooterPageTest" time="3.654" errors="0" timestamp="2025-09-04T20:47:35 EEST" skipped="0">
  <testcase classname="tests.FooterPageTest" name="TC_FOOTER_01_VerifyFooterLinksClickable" time="0.431"/>
  <testcase classname="tests.FooterPageTest" name="TC_FOOTER_02_VerifySocialIconsClickable" time="0.078"/>
  <testcase classname="tests.FooterPageTest" name="TC_FOOTER_03_VerifyNewsletterSubscription" time="3.145"/>
</testsuite> <!-- tests.FooterPageTest -->
