<?xml version="1.0" encoding="UTF-8"?>
<!-- Generated by org.testng.reporters.JUnitReportReporter -->
<testsuite hostname="Jo-Sabet" failures="0" tests="8" name="tests.SearchTest" time="5.007" errors="0" timestamp="2025-09-04T20:47:35 EEST" skipped="0">
  <testcase classname="tests.SearchTest" name="testSearch" time="1.313"/>
  <testcase classname="tests.SearchTest" name="testPlaceholderText" time="0.044"/>
  <testcase classname="tests.SearchTest" name="testSearchBoxVisible" time="0.013"/>
  <testcase classname="tests.SearchTest" name="testSearch" time="0.678"/>
  <testcase classname="tests.SearchTest" name="testAutocompleteSuggestions" time="1.262"/>
  <testcase classname="tests.SearchTest" name="testSearch" time="0.610"/>
  <testcase classname="tests.SearchTest" name="testSearch" time="0.582"/>
  <testcase classname="tests.SearchTest" name="testSearch" time="0.505"/>
</testsuite> <!-- tests.SearchTest -->
