<?xml version="1.0" encoding="UTF-8"?>
<!-- Generated by org.testng.reporters.JUnitReportReporter -->
<testsuite hostname="Jo-Sabet" failures="0" tests="8" name="tests.SearchTest" time="7.302" errors="0" timestamp="2025-09-04T11:03:55 EEST" skipped="0">
  <testcase classname="tests.SearchTest" name="testSearch" time="0.852"/>
  <testcase classname="tests.SearchTest" name="testPlaceholderText" time="0.047"/>
  <testcase classname="tests.SearchTest" name="testSearchBoxVisible" time="0.013"/>
  <testcase classname="tests.SearchTest" name="testSearch" time="0.554"/>
  <testcase classname="tests.SearchTest" name="testAutocompleteSuggestions" time="1.251"/>
  <testcase classname="tests.SearchTest" name="testSearch" time="0.519"/>
  <testcase classname="tests.SearchTest" name="testSearch" time="3.576"/>
  <testcase classname="tests.SearchTest" name="testSearch" time="0.490"/>
</testsuite> <!-- tests.SearchTest -->
