<?xml version="1.0" encoding="UTF-8"?>
<!-- Generated by org.testng.reporters.JUnitReportReporter -->
<testsuite hostname="Jo-Sabet" failures="0" tests="3" name="tests.NewsPageTest" time="2.435" errors="0" timestamp="2025-09-04T20:47:35 EEST" skipped="0">
  <testcase classname="tests.NewsPageTest" name="TC_NEWS_01_VerifyClickingNewsTitleOpensDetails" time="0.489"/>
  <testcase classname="tests.NewsPageTest" name="TC_NEWS_02_VerifyClickingDetailsButtonOpensSameNewsPage" time="1.200"/>
  <testcase classname="tests.NewsPageTest" name="TC_NEWS_03_VerifyClickingViewArchiveOpensArchivePage" time="0.746"/>
</testsuite> <!-- tests.NewsPageTest -->
